0 silly argv { _: [ 'clean' ],
0 silly argv   lernaVersion: '3.20.2',
0 silly argv   '$0': 'node_modules/.bin/lerna' }
1 notice cli v3.20.2
2 verbose rootPath /Users/millerb/work/fusion-news-theme-blocks
3 info versioning independent
4 info Removing the following directories:
5 info clean blocks/article-body-block/node_modules
5 info clean blocks/article-tag-block/node_modules
5 info clean blocks/author-bio-block/node_modules
5 info clean blocks/author-content-source-block/node_modules
5 info clean blocks/byline-block/node_modules
5 info clean blocks/card-list-block/node_modules
5 info clean blocks/collections-content-source-block/node_modules
5 info clean blocks/content-api-source-block/node_modules
5 info clean blocks/date-block/node_modules
5 info clean blocks/default-output-block/node_modules
5 info clean blocks/double-chain-block/node_modules
5 info clean blocks/extra-large-manual-promo-block/node_modules
5 info clean blocks/extra-large-promo-block/node_modules
5 info clean blocks/footer-block/node_modules
5 info clean blocks/full-author-bio-block/node_modules
5 info clean blocks/gallery-block/node_modules
5 info clean blocks/header-nav-block/node_modules
5 info clean blocks/headline-block/node_modules
5 info clean blocks/htmlbox-block/node_modules
5 info clean blocks/large-manual-promo-block/node_modules
5 info clean blocks/large-promo-block/node_modules
5 info clean blocks/lead-art-block/node_modules
5 info clean blocks/links-bar-block/node_modules
5 info clean blocks/medium-manual-promo-block/node_modules
5 info clean blocks/medium-promo-block/node_modules
5 info clean blocks/numbered-list-block/node_modules
5 info clean blocks/overline-block/node_modules
5 info clean blocks/results-list-block/node_modules
5 info clean blocks/right-rail-block/node_modules
5 info clean blocks/section-title-block/node_modules
5 info clean blocks/share-bar-block/node_modules
5 info clean blocks/shared-styles/node_modules
5 info clean blocks/simple-list-block/node_modules
5 info clean blocks/simple-results-list-block/node_modules
5 info clean blocks/single-chain-block/node_modules
5 info clean blocks/site-hierarchy-content-block/node_modules
5 info clean blocks/small-manual-promo-block/node_modules
5 info clean blocks/small-promo-block/node_modules
5 info clean blocks/story-feed-author-content-source-block/node_modules
5 info clean blocks/story-feed-query-content-source-block/node_modules
5 info clean blocks/story-feed-sections-content-source-block/node_modules
5 info clean blocks/story-feed-tag-content-source-block/node_modules
5 info clean blocks/subheadline-block/node_modules
5 info clean blocks/tag-title-block/node_modules
5 info clean blocks/tags-content-source-block/node_modules
5 info clean blocks/top-table-list-block/node_modules
5 info clean blocks/triple-chain-block/node_modules
5 info clean blocks/unpublished-content-source-block/node_modules
5 info clean blocks/video-player-block/node_modules
6 info clean removing /Users/millerb/work/fusion-news-theme-blocks/blocks/article-body-block/node_modules
7 silly rimrafDir /Users/millerb/work/fusion-news-theme-blocks/blocks/article-body-block/node_modules
8 info clean removing /Users/millerb/work/fusion-news-theme-blocks/blocks/article-tag-block/node_modules
9 silly rimrafDir /Users/millerb/work/fusion-news-theme-blocks/blocks/article-tag-block/node_modules
10 info clean removing /Users/millerb/work/fusion-news-theme-blocks/blocks/author-bio-block/node_modules
11 silly rimrafDir /Users/millerb/work/fusion-news-theme-blocks/blocks/author-bio-block/node_modules
12 info clean removing /Users/millerb/work/fusion-news-theme-blocks/blocks/author-content-source-block/node_modules
13 silly rimrafDir /Users/millerb/work/fusion-news-theme-blocks/blocks/author-content-source-block/node_modules
14 info clean removing /Users/millerb/work/fusion-news-theme-blocks/blocks/byline-block/node_modules
15 silly rimrafDir /Users/millerb/work/fusion-news-theme-blocks/blocks/byline-block/node_modules
16 info clean removing /Users/millerb/work/fusion-news-theme-blocks/blocks/card-list-block/node_modules
17 silly rimrafDir /Users/millerb/work/fusion-news-theme-blocks/blocks/card-list-block/node_modules
18 info clean removing /Users/millerb/work/fusion-news-theme-blocks/blocks/collections-content-source-block/node_modules
19 silly rimrafDir /Users/millerb/work/fusion-news-theme-blocks/blocks/collections-content-source-block/node_modules
20 info clean removing /Users/millerb/work/fusion-news-theme-blocks/blocks/content-api-source-block/node_modules
21 silly rimrafDir /Users/millerb/work/fusion-news-theme-blocks/blocks/content-api-source-block/node_modules
22 info clean removing /Users/millerb/work/fusion-news-theme-blocks/blocks/date-block/node_modules
23 silly rimrafDir /Users/millerb/work/fusion-news-theme-blocks/blocks/date-block/node_modules
24 info clean removing /Users/millerb/work/fusion-news-theme-blocks/blocks/default-output-block/node_modules
25 silly rimrafDir /Users/millerb/work/fusion-news-theme-blocks/blocks/default-output-block/node_modules
26 info clean removing /Users/millerb/work/fusion-news-theme-blocks/blocks/double-chain-block/node_modules
27 silly rimrafDir /Users/millerb/work/fusion-news-theme-blocks/blocks/double-chain-block/node_modules
28 info clean removing /Users/millerb/work/fusion-news-theme-blocks/blocks/extra-large-manual-promo-block/node_modules
29 silly rimrafDir /Users/millerb/work/fusion-news-theme-blocks/blocks/extra-large-manual-promo-block/node_modules
30 info clean removing /Users/millerb/work/fusion-news-theme-blocks/blocks/extra-large-promo-block/node_modules
31 silly rimrafDir /Users/millerb/work/fusion-news-theme-blocks/blocks/extra-large-promo-block/node_modules
32 info clean removing /Users/millerb/work/fusion-news-theme-blocks/blocks/footer-block/node_modules
33 silly rimrafDir /Users/millerb/work/fusion-news-theme-blocks/blocks/footer-block/node_modules
34 info clean removing /Users/millerb/work/fusion-news-theme-blocks/blocks/full-author-bio-block/node_modules
35 silly rimrafDir /Users/millerb/work/fusion-news-theme-blocks/blocks/full-author-bio-block/node_modules
36 info clean removing /Users/millerb/work/fusion-news-theme-blocks/blocks/gallery-block/node_modules
37 silly rimrafDir /Users/millerb/work/fusion-news-theme-blocks/blocks/gallery-block/node_modules
38 info clean removing /Users/millerb/work/fusion-news-theme-blocks/blocks/header-nav-block/node_modules
39 silly rimrafDir /Users/millerb/work/fusion-news-theme-blocks/blocks/header-nav-block/node_modules
40 info clean removing /Users/millerb/work/fusion-news-theme-blocks/blocks/headline-block/node_modules
41 silly rimrafDir /Users/millerb/work/fusion-news-theme-blocks/blocks/headline-block/node_modules
42 info clean removing /Users/millerb/work/fusion-news-theme-blocks/blocks/htmlbox-block/node_modules
43 silly rimrafDir /Users/millerb/work/fusion-news-theme-blocks/blocks/htmlbox-block/node_modules
44 error Error: Command failed: /Users/millerb/.nvm/versions/node/v11.14.0/bin/node /Users/millerb/work/fusion-news-theme-blocks/node_modules/rimraf/bin.js --no-glob /Users/millerb/work/fusion-news-theme-blocks/blocks/article-body-block/node_modules/
44 error     at makeError (/Users/millerb/work/fusion-news-theme-blocks/node_modules/execa/index.js:174:9)
44 error     at Promise.all.then.arr (/Users/millerb/work/fusion-news-theme-blocks/node_modules/execa/index.js:278:16)
